[20Mar2025 00:00:56.028] [Server thread/INFO] [net.minecraft.server.MinecraftServer/]: Kilkov_ has made the advancement [Dark Forging]
[20Mar2025 00:03:33.791] [Server thread/INFO] [net.minecraft.world.entity.LivingEntity/]: Named entity Vex['Restless Spirit'/46769, l='ServerLevel[world]', x=-307.09, y=-20.00, z=78.45] died: Restless Spirit was killed
[20Mar2025 00:05:37.079] [Server thread/INFO] [net.minecraft.server.MinecraftServer/]: [Konnorcito: Teleported Konnorcito to Kilkov_]
[20Mar2025 00:06:53.334] [Server thread/INFO] [net.minecraft.server.MinecraftServer/]: [Konnorcito: Teleported Konnorcito to -2359.500000, 133.000000, 141.500000]
[20Mar2025 00:07:15.386] [Server thread/INFO] [net.minecraft.server.MinecraftServer/]: [Kilkov_: Teleported Kilkov_ to 62.500000, 93.000000, 1695.500000]
[20Mar2025 00:07:44.215] [Server thread/INFO] [net.minecraft.server.MinecraftServer/]: [Kilkov_: Teleported Kilkov_ to -2290.500000, 97.000000, 19.500000]
[20Mar2025 00:07:51.790] [Server thread/INFO] [net.minecraft.world.entity.LivingEntity/]: Named entity Vex['Restless Spirit'/48100, l='ServerLevel[world]', x=-281.32, y=-20.00, z=28.86] died: Restless Spirit was killed
[20Mar2025 00:07:57.209] [Server thread/INFO] [net.minecraft.server.MinecraftServer/]: [Kilkov_: Teleported Kilkov_ to 62.500000, 93.000000, 1695.500000]
[20Mar2025 00:10:02.214] [Worker-Main-35/WARN] [net.minecraft.world.entity.ai.attributes.AttributeMap/]: Ignoring unknown attribute 'reach-entity-attributes:reach'
[20Mar2025 00:10:02.215] [Worker-Main-35/WARN] [net.minecraft.world.entity.ai.attributes.AttributeMap/]: Ignoring unknown attribute 'reach-entity-attributes:reach'
[20Mar2025 00:10:10.275] [Worker-Main-35/WARN] [net.minecraft.world.entity.ai.attributes.AttributeMap/]: Ignoring unknown attribute 'reach-entity-attributes:reach'
[20Mar2025 00:10:10.276] [Worker-Main-35/WARN] [net.minecraft.world.entity.ai.attributes.AttributeMap/]: Ignoring unknown attribute 'reach-entity-attributes:reach'
[20Mar2025 00:10:38.710] [Server thread/INFO] [net.minecraft.server.MinecraftServer/]: Kilkov_ has made the advancement [The Bloody Cult]
[20Mar2025 00:12:00.166] [Server thread/INFO] [net.minecraft.server.MinecraftServer/]: Kilkov_ has made the advancement [Local Brewery]
[20Mar2025 00:16:30.607] [Server thread/INFO] [net.minecraft.server.MinecraftServer/]: Kilkov_ has made the advancement [Made From Clouds...]
[20Mar2025 00:17:25.369] [Server thread/INFO] [net.minecraft.server.MinecraftServer/]: [Konnorcito: Teleported Konnorcito to Kilkov_]
[20Mar2025 00:17:25.720] [Server thread/INFO] [net.minecraft.server.MinecraftServer/]: Konnorcito has made the advancement [Made From Clouds...]
[20Mar2025 00:19:34.554] [Server thread/INFO] [net.minecraft.server.MinecraftServer/]: Kilkov_ was shot by Konnorcito
[20Mar2025 00:19:34.561] [Server thread/INFO] [com.tiviacz.travelersbackpack.TravelersBackpack/]: Created new backpack backup file for Kilkov_ with unique ID travelersbackpack.standard_20.03.2025-00.19.34.dat
[20Mar2025 00:19:37.667] [Server thread/INFO] [net.minecraft.server.MinecraftServer/]: [Kilkov_: Teleported Kilkov_ to Konnorcito]
[20Mar2025 00:20:53.806] [Server thread/INFO] [net.minecraft.server.MinecraftServer/]: Kilkov_ was shot by Konnorcito
[20Mar2025 00:20:53.814] [Server thread/INFO] [com.tiviacz.travelersbackpack.TravelersBackpack/]: Created new backpack backup file for Kilkov_ with unique ID travelersbackpack.standard_20.03.2025-00.20.53.dat
[20Mar2025 00:20:57.837] [Server thread/INFO] [net.minecraft.server.MinecraftServer/]: [Kilkov_: Teleported Kilkov_ to Konnorcito]
[20Mar2025 00:20:59.753] [Server thread/INFO] [net.minecraft.server.MinecraftServer/]: Kilkov_ was killed
[20Mar2025 00:20:59.754] [Server thread/INFO] [net.minecraft.server.MinecraftServer/]: [Kilkov_: Killed Kilkov_]
[20Mar2025 00:21:04.580] [Server thread/INFO] [net.minecraft.server.MinecraftServer/]: [Kilkov_: Teleported Kilkov_ to Konnorcito]
[20Mar2025 00:21:49.104] [Server thread/INFO] [net.minecraft.server.MinecraftServer/]: Konnorcito was Exterminated by Culonimbus using pure Lightning Energy
[20Mar2025 00:21:49.112] [Server thread/INFO] [com.tiviacz.travelersbackpack.TravelersBackpack/]: Created new backpack backup file for Konnorcito with unique ID travelersbackpack.standard_20.03.2025-00.21.49.dat
[20Mar2025 00:21:55.264] [Server thread/INFO] [net.minecraft.server.MinecraftServer/]: [Konnorcito: Teleported Konnorcito to Kilkov_]
[20Mar2025 00:22:01.744] [Server thread/INFO] [net.minecraft.server.MinecraftServer/]: Konnorcito was slain by Culonimbus
[20Mar2025 00:22:04.074] [Server thread/INFO] [net.minecraft.server.MinecraftServer/]: Kilkov_ was killed by Culonimbus using magic
[20Mar2025 00:22:05.550] [Server thread/INFO] [net.minecraft.server.MinecraftServer/]: [Konnorcito: Teleported Konnorcito to Kilkov_]
[20Mar2025 00:22:10.578] [Server thread/INFO] [net.minecraft.server.MinecraftServer/]: [Kilkov_: Teleported Kilkov_ to Konnorcito]
[20Mar2025 00:22:30.026] [Server thread/INFO] [net.minecraft.server.players.PlayerList/]: KodaMakuin[/100.74.147.57:65117] logged in with entity id 59646 at (-2327.0632828419634, 174.0, 100.43013123890157)
[20Mar2025 00:22:30.038] [Server thread/INFO] [net.minecraft.server.MinecraftServer/]: KodaMakuin joined the game
[20Mar2025 00:22:39.651] [Server thread/INFO] [net.minecraft.server.MinecraftServer/]: Kilkov_ was slain by Culonimbus
[20Mar2025 00:22:42.539] [Server thread/INFO] [net.minecraft.server.MinecraftServer/]: [Kilkov_: Teleported Kilkov_ to Konnorcito]
[20Mar2025 00:23:12.276] [Server thread/INFO] [net.minecraft.server.MinecraftServer/]: [KodaMakuin: Teleported KodaMakuin to Konnorcito]
[20Mar2025 00:23:13.004] [Server thread/INFO] [net.minecraft.server.MinecraftServer/]: KodaMakuin has made the advancement [Made From Clouds...]
[20Mar2025 00:23:22.915] [Server thread/INFO] [net.minecraft.server.MinecraftServer/]: Kilkov_ hit the ground too hard whilst trying to escape Culonimbus
[20Mar2025 00:23:25.625] [Server thread/INFO] [net.minecraft.server.MinecraftServer/]: [Kilkov_: Teleported Kilkov_ to Konnorcito]
[20Mar2025 00:23:49.955] [Server thread/INFO] [net.minecraft.server.MinecraftServer/]: Kilkov_ was Exterminated by Culonimbus using pure Lightning Energy
[20Mar2025 00:23:55.435] [Server thread/INFO] [net.minecraft.server.MinecraftServer/]: [Kilkov_: Teleported Kilkov_ to Konnorcito]
[20Mar2025 00:24:08.482] [Server thread/INFO] [net.minecraft.server.MinecraftServer/]: [Kilkov_: Teleported Kilkov_ to Konnorcito]
[20Mar2025 00:25:21.058] [Server thread/INFO] [net.minecraft.server.MinecraftServer/]: Kilkov_ was killed by Culonimbus using magic
[20Mar2025 00:25:21.066] [Server thread/INFO] [com.tiviacz.travelersbackpack.TravelersBackpack/]: Created new backpack backup file for Kilkov_ with unique ID travelersbackpack.standard_20.03.2025-00.25.21.dat
[20Mar2025 00:25:23.642] [Server thread/INFO] [net.minecraft.server.MinecraftServer/]: [Kilkov_: Teleported Kilkov_ to Konnorcito]
[20Mar2025 00:25:40.089] [Server thread/INFO] [net.minecraft.server.MinecraftServer/]: [KodaMakuin: Teleported KodaMakuin to Konnorcito]
[20Mar2025 00:25:50.057] [Server thread/INFO] [net.minecraft.server.MinecraftServer/]: Konnorcito was killed by Culonimbus using magic
[20Mar2025 00:25:50.065] [Server thread/INFO] [com.tiviacz.travelersbackpack.TravelersBackpack/]: Created new backpack backup file for Konnorcito with unique ID travelersbackpack.standard_20.03.2025-00.25.50.dat
[20Mar2025 00:25:54.036] [Server thread/INFO] [net.minecraft.server.MinecraftServer/]: [Konnorcito: Teleported Konnorcito to Kilkov_]
[20Mar2025 00:26:30.408] [Server thread/INFO] [net.minecraft.server.MinecraftServer/]: KodaMakuin was killed by Culonimbus using magic
[20Mar2025 00:26:30.414] [Server thread/INFO] [com.tiviacz.travelersbackpack.TravelersBackpack/]: Created new backpack backup file for KodaMakuin with unique ID travelersbackpack.standard_20.03.2025-00.26.30.dat
[20Mar2025 00:26:34.752] [Server thread/INFO] [net.minecraft.server.MinecraftServer/]: [KodaMakuin: Teleported KodaMakuin to Kilkov_]
[20Mar2025 00:26:35.424] [Server thread/INFO] [net.minecraft.server.MinecraftServer/]: Kilkov_ was killed by Culonimbus using magic
[20Mar2025 00:26:35.431] [Server thread/INFO] [com.tiviacz.travelersbackpack.TravelersBackpack/]: Created new backpack backup file for Kilkov_ with unique ID travelersbackpack.standard_20.03.2025-00.26.35.dat
[20Mar2025 00:26:39.563] [Server thread/INFO] [net.minecraft.server.MinecraftServer/]: [Kilkov_: Teleported Kilkov_ to Konnorcito]
[20Mar2025 00:26:40.754] [Server thread/INFO] [net.minecraft.server.MinecraftServer/]: KodaMakuin was killed by Culonimbus using magic
[20Mar2025 00:26:41.608] [Server thread/INFO] [net.minecraft.server.MinecraftServer/]: Kilkov_ has made the advancement [Render of Souls]
[20Mar2025 00:26:43.985] [Server thread/INFO] [net.minecraft.server.MinecraftServer/]: [KodaMakuin: Teleported KodaMakuin to Konnorcito]
[20Mar2025 00:26:46.256] [Server thread/INFO] [net.minecraft.server.MinecraftServer/]: Kilkov_ was killed by Culonimbus using magic
[20Mar2025 00:26:49.887] [Server thread/INFO] [net.minecraft.server.MinecraftServer/]: [Kilkov_: Teleported Kilkov_ to Konnorcito]
[20Mar2025 00:26:56.017] [Server thread/INFO] [net.minecraft.server.MinecraftServer/]: Kilkov_ has completed the challenge [Against The Gods]
[20Mar2025 00:29:47.034] [Server thread/INFO] [net.minecraft.server.MinecraftServer/]: [KodaMakuin: Teleported KodaMakuin to -2338.500000, 175.000000, 96.500000]
[20Mar2025 00:31:40.220] [Server thread/INFO] [net.minecraft.server.MinecraftServer/]: Kilkov_ has made the advancement [Good Demoman]
[20Mar2025 00:32:09.672] [Server thread/INFO] [net.minecraft.server.MinecraftServer/]: [KodaMakuin: Teleported KodaMakuin to Konnorcito]
[20Mar2025 00:32:17.558] [Server thread/INFO] [net.minecraft.server.network.ServerGamePacketListenerImpl/]: KodaMakuin lost connection: Disconnected
[20Mar2025 00:32:17.558] [Server thread/INFO] [net.minecraft.server.MinecraftServer/]: KodaMakuin left the game
[20Mar2025 00:32:17.566] [Server thread/INFO] [net.minecraft.server.MinecraftServer/]: [Kilkov_: Kicked KodaMakuin: Kicked by an operator]
[20Mar2025 00:32:17.606] [Server thread/WARN] [net.minecraft.network.Connection/]: handleDisconnection() called twice
[20Mar2025 00:32:19.683] [Server thread/INFO] [net.minecraft.server.MinecraftServer/]: [Kilkov_: Kicked Konnorcito: Kicked by an operator]
[20Mar2025 00:32:19.710] [Server thread/INFO] [net.minecraft.server.network.ServerGamePacketListenerImpl/]: Konnorcito lost connection: Kicked by an operator
[20Mar2025 00:32:19.710] [Server thread/INFO] [net.minecraft.server.MinecraftServer/]: Konnorcito left the game
[20Mar2025 00:32:22.216] [Server thread/INFO] [net.minecraft.server.players.PlayerList/]: KodaMakuin[/100.74.147.57:65158] logged in with entity id 66394 at (617.9822952685853, 124.0, 1747.5475078073948)
[20Mar2025 00:32:22.227] [Server thread/INFO] [net.minecraft.server.MinecraftServer/]: KodaMakuin joined the game
[20Mar2025 00:32:26.615] [Server thread/INFO] [net.minecraft.server.MinecraftServer/]: [Kilkov_: Teleported Kilkov_ to KodaMakuin]
[20Mar2025 00:32:27.978] [Server thread/INFO] [net.minecraft.server.players.PlayerList/]: Konnorcito[/100.108.44.123:54224] logged in with entity id 66447 at (624.5900288225682, 118.0, 1742.8990237651017)
[20Mar2025 00:32:27.988] [Server thread/INFO] [net.minecraft.server.MinecraftServer/]: Konnorcito joined the game
[20Mar2025 00:32:49.361] [Server thread/INFO] [net.minecraft.server.MinecraftServer/]: [Kilkov_: Teleported Kilkov_ to Konnorcito]
[20Mar2025 00:33:23.737] [Server thread/INFO] [net.minecraft.server.MinecraftServer/]: [KodaMakuin: Teleported KodaMakuin to -2338.500000, 175.000000, 86.500000]
[20Mar2025 00:33:43.968] [Server thread/INFO] [net.minecraft.server.MinecraftServer/]: [Konnorcito: Set own game mode to Spectator Mode]
[20Mar2025 00:33:49.281] [Server thread/INFO] [net.minecraft.server.MinecraftServer/]: [Konnorcito: Set own game mode to Survival Mode]
[20Mar2025 00:36:05.784] [Server thread/INFO] [net.minecraft.server.MinecraftServer/]: [Konnorcito: Teleported Konnorcito to Kilkov_]
[20Mar2025 00:37:32.272] [Server thread/INFO] [net.minecraft.server.MinecraftServer/]: [KodaMakuin: Teleported KodaMakuin to -2338.500000, 175.000000, 86.500000]
[20Mar2025 00:37:34.821] [Server thread/INFO] [net.minecraft.server.MinecraftServer/]: [Kilkov_: Teleported Kilkov_ to Konnorcito]
[20Mar2025 00:38:08.678] [Server thread/INFO] [net.minecraft.server.MinecraftServer/]: [Kilkov_: Teleported Kilkov_ to Konnorcito]
[20Mar2025 00:38:20.775] [Server thread/INFO] [net.minecraft.server.MinecraftServer/]: [KodaMakuin: Teleported KodaMakuin to Konnorcito]
[20Mar2025 00:38:32.025] [Server thread/INFO] [net.minecraft.server.MinecraftServer/]: [Kilkov_: Teleported Kilkov_ to Konnorcito]
[20Mar2025 00:38:35.972] [Server thread/INFO] [net.minecraft.server.MinecraftServer/]: Kilkov_ hit the ground too hard whilst trying to escape Fire Dragon
[20Mar2025 00:38:35.980] [Server thread/INFO] [com.tiviacz.travelersbackpack.TravelersBackpack/]: Created new backpack backup file for Kilkov_ with unique ID travelersbackpack.standard_20.03.2025-00.38.35.dat
[20Mar2025 00:38:38.983] [Server thread/INFO] [net.minecraft.server.MinecraftServer/]: [Kilkov_: Teleported Kilkov_ to Konnorcito]
[20Mar2025 00:39:57.656] [Server thread/INFO] [net.minecraft.server.MinecraftServer/]: [KodaMakuin: Teleported KodaMakuin to Kilkov_]
[20Mar2025 00:40:21.737] [Server thread/INFO] [net.minecraft.server.MinecraftServer/]: [KodaMakuin: Teleported KodaMakuin to Kilkov_]
[20Mar2025 00:40:29.390] [Server thread/INFO] [net.minecraft.server.MinecraftServer/]: [KodaMakuin: Teleported KodaMakuin to -2338.500000, 175.000000, 86.500000]
